TN:
SF:/home/abhishek-singh-sengar/Documents/MINI_PROJECT/FUNCTION/admin.h
FN:119,214,login_admin
FN:216,355,add_employee
FN:32,117,admin_operation
FN:357,495,modify_employee
FN:497,635,modify_customer
FN:637,721,change_password_admin
FN:723,798,manage_user_role
FNDA:0,login_admin
FNDA:0,add_employee
FNDA:0,admin_operation
FNDA:0,modify_employee
FNDA:0,modify_customer
FNDA:0,change_password_admin
FNDA:0,manage_user_role
FNF:7
FNH:0
DA:32,0
DA:33,0
DA:36,0
DA:40,0
DA:41,0
DA:42,0
DA:43,0
DA:44,0
DA:45,0
DA:47,0
DA:48,0
DA:49,0
DA:50,0
DA:51,0
DA:55,0
DA:56,0
DA:57,0
DA:58,0
DA:59,0
DA:60,0
DA:61,0
DA:62,0
DA:63,0
DA:64,0
DA:66,0
DA:67,0
DA:68,0
DA:69,0
DA:70,0
DA:72,0
DA:73,0
DA:74,0
DA:75,0
DA:76,0
DA:77,0
DA:78,0
DA:79,0
DA:80,0
DA:81,0
DA:82,0
DA:83,0
DA:85,0
DA:86,0
DA:87,0
DA:88,0
DA:89,0
DA:91,0
DA:92,0
DA:93,0
DA:95,0
DA:97,0
DA:98,0
DA:99,0
DA:100,0
DA:101,0
DA:102,0
DA:103,0
DA:104,0
DA:105,0
DA:106,0
DA:107,0
DA:114,0
DA:119,0
DA:125,0
DA:126,0
DA:128,0
DA:129,0
DA:131,0
DA:132,0
DA:134,0
DA:135,0
DA:138,0
DA:139,0
DA:141,0
DA:142,0
DA:144,0
DA:145,0
DA:146,0
DA:147,0
DA:148,0
DA:149,0
DA:150,0
DA:151,0
DA:153,0
DA:155,0
DA:156,0
DA:157,0
DA:161,0
DA:162,0
DA:163,0
DA:164,0
DA:165,0
DA:167,0
DA:168,0
DA:169,0
DA:170,0
DA:172,0
DA:173,0
DA:174,0
DA:176,0
DA:177,0
DA:178,0
DA:179,0
DA:180,0
DA:182,0
DA:183,0
DA:184,0
DA:186,0
DA:187,0
DA:190,0
DA:191,0
DA:192,0
DA:194,0
DA:195,0
DA:198,0
DA:199,0
DA:200,0
DA:202,0
DA:203,0
DA:204,0
DA:208,0
DA:209,0
DA:210,0
DA:213,0
DA:216,0
DA:221,0
DA:222,0
DA:223,0
DA:224,0
DA:225,0
DA:226,0
DA:228,0
DA:229,0
DA:230,0
DA:231,0
DA:235,0
DA:236,0
DA:237,0
DA:238,0
DA:239,0
DA:241,0
DA:242,0
DA:243,0
DA:244,0
DA:247,0
DA:248,0
DA:249,0
DA:250,0
DA:253,0
DA:254,0
DA:255,0
DA:256,0
DA:259,0
DA:260,0
DA:261,0
DA:262,0
DA:263,0
DA:264,0
DA:266,0
DA:267,0
DA:268,0
DA:269,0
DA:270,0
DA:272,0
DA:275,0
DA:276,0
DA:277,0
DA:278,0
DA:281,0
DA:282,0
DA:283,0
DA:284,0
DA:285,0
DA:286,0
DA:288,0
DA:289,0
DA:290,0
DA:291,0
DA:292,0
DA:294,0
DA:295,0
DA:298,0
DA:299,0
DA:300,0
DA:301,0
DA:302,0
DA:303,0
DA:305,0
DA:306,0
DA:307,0
DA:308,0
DA:309,0
DA:311,0
DA:312,0
DA:315,0
DA:316,0
DA:317,0
DA:318,0
DA:319,0
DA:321,0
DA:324,0
DA:325,0
DA:330,0
DA:331,0
DA:333,0
DA:334,0
DA:335,0
DA:336,0
DA:338,0
DA:339,0
DA:340,0
DA:341,0
DA:344,0
DA:346,0
DA:347,0
DA:348,0
DA:349,0
DA:350,0
DA:351,0
DA:353,0
DA:354,0
DA:357,0
DA:361,0
DA:362,0
DA:363,0
DA:364,0
DA:365,0
DA:366,0
DA:367,0
DA:369,0
DA:370,0
DA:371,0
DA:372,0
DA:375,0
DA:376,0
DA:377,0
DA:378,0
DA:379,0
DA:381,0
DA:383,0
DA:384,0
DA:385,0
DA:389,0
DA:390,0
DA:391,0
DA:392,0
DA:393,0
DA:395,0
DA:396,0
DA:397,0
DA:398,0
DA:400,0
DA:401,0
DA:402,0
DA:405,0
DA:406,0
DA:407,0
DA:409,0
DA:410,0
DA:411,0
DA:412,0
DA:413,0
DA:414,0
DA:415,0
DA:416,0
DA:417,0
DA:418,0
DA:419,0
DA:420,0
DA:421,0
DA:422,0
DA:423,0
DA:424,0
DA:425,0
DA:426,0
DA:428,0
DA:429,0
DA:430,0
DA:431,0
DA:432,0
DA:433,0
DA:434,0
DA:435,0
DA:436,0
DA:437,0
DA:438,0
DA:439,0
DA:440,0
DA:441,0
DA:442,0
DA:443,0
DA:444,0
DA:445,0
DA:446,0
DA:447,0
DA:448,0
DA:449,0
DA:450,0
DA:452,0
DA:453,0
DA:456,0
DA:457,0
DA:458,0
DA:459,0
DA:461,0
DA:463,0
DA:464,0
DA:465,0
DA:468,0
DA:469,0
DA:470,0
DA:471,0
DA:472,0
DA:474,0
DA:475,0
DA:476,0
DA:477,0
DA:479,0
DA:480,0
DA:481,0
DA:484,0
DA:485,0
DA:486,0
DA:488,0
DA:489,0
DA:490,0
DA:491,0
DA:493,0
DA:497,0
DA:501,0
DA:502,0
DA:503,0
DA:504,0
DA:505,0
DA:506,0
DA:507,0
DA:509,0
DA:510,0
DA:511,0
DA:512,0
DA:515,0
DA:516,0
DA:517,0
DA:518,0
DA:519,0
DA:521,0
DA:523,0
DA:524,0
DA:525,0
DA:529,0
DA:530,0
DA:531,0
DA:532,0
DA:533,0
DA:535,0
DA:536,0
DA:537,0
DA:538,0
DA:540,0
DA:541,0
DA:542,0
DA:545,0
DA:546,0
DA:547,0
DA:549,0
DA:550,0
DA:551,0
DA:552,0
DA:553,0
DA:554,0
DA:555,0
DA:556,0
DA:557,0
DA:558,0
DA:559,0
DA:560,0
DA:561,0
DA:562,0
DA:563,0
DA:564,0
DA:565,0
DA:566,0
DA:568,0
DA:569,0
DA:570,0
DA:571,0
DA:572,0
DA:573,0
DA:574,0
DA:575,0
DA:576,0
DA:577,0
DA:578,0
DA:579,0
DA:580,0
DA:581,0
DA:582,0
DA:583,0
DA:584,0
DA:585,0
DA:586,0
DA:587,0
DA:588,0
DA:589,0
DA:590,0
DA:592,0
DA:593,0
DA:596,0
DA:597,0
DA:598,0
DA:599,0
DA:601,0
DA:603,0
DA:604,0
DA:605,0
DA:608,0
DA:609,0
DA:610,0
DA:611,0
DA:612,0
DA:614,0
DA:615,0
DA:616,0
DA:617,0
DA:619,0
DA:620,0
DA:621,0
DA:624,0
DA:625,0
DA:626,0
DA:628,0
DA:629,0
DA:630,0
DA:631,0
DA:633,0
DA:637,0
DA:641,0
DA:642,0
DA:643,0
DA:644,0
DA:645,0
DA:647,0
DA:648,0
DA:649,0
DA:652,0
DA:653,0
DA:654,0
DA:655,0
DA:658,0
DA:660,0
DA:661,0
DA:662,0
DA:666,0
DA:667,0
DA:668,0
DA:669,0
DA:670,0
DA:672,0
DA:673,0
DA:674,0
DA:675,0
DA:677,0
DA:680,0
DA:681,0
DA:682,0
DA:683,0
DA:684,0
DA:686,0
DA:687,0
DA:688,0
DA:689,0
DA:693,0
DA:694,0
DA:695,0
DA:698,0
DA:699,0
DA:700,0
DA:702,0
DA:704,0
DA:705,0
DA:706,0
DA:708,0
DA:709,0
DA:710,0
DA:712,0
DA:713,0
DA:714,0
DA:715,0
DA:716,0
DA:717,0
DA:719,0
DA:720,0
DA:723,0
DA:727,0
DA:728,0
DA:729,0
DA:730,0
DA:733,0
DA:735,0
DA:736,0
DA:737,0
DA:739,0
DA:740,0
DA:741,0
DA:743,0
DA:744,0
DA:745,0
DA:748,0
DA:749,0
DA:750,0
DA:751,0
DA:752,0
DA:753,0
DA:755,0
DA:756,0
DA:757,0
DA:758,0
DA:759,0
DA:762,0
DA:763,0
DA:764,0
DA:765,0
DA:766,0
DA:768,0
DA:769,0
DA:770,0
DA:771,0
DA:773,0
DA:774,0
DA:775,0
DA:776,0
DA:778,0
DA:779,0
DA:780,0
DA:781,0
DA:782,0
DA:783,0
DA:784,0
DA:785,0
DA:786,0
DA:788,0
DA:789,0
DA:790,0
DA:791,0
DA:792,0
DA:794,0
DA:795,0
DA:796,0
DA:797,0
LF:549
LH:0
end_of_record
TN:
SF:/home/abhishek-singh-sengar/Documents/MINI_PROJECT/FUNCTION/customer.h
FN:120,220,login_customer
FN:222,263,view_balance
FN:265,328,deposit
FN:330,399,withdrawl
FN:39,118,customer_operation
FN:401,531,fund_transfer
FN:533,616,change_password
FN:618,631,transaction_customer
FN:633,653,transaction_file
FN:655,720,get_transaction_details
FN:722,841,apply_for_loan
FN:843,922,add_feedback
FNDA:0,login_customer
FNDA:0,view_balance
FNDA:0,deposit
FNDA:0,withdrawl
FNDA:0,customer_operation
FNDA:0,fund_transfer
FNDA:0,change_password
FNDA:0,transaction_customer
FNDA:0,transaction_file
FNDA:0,get_transaction_details
FNDA:0,apply_for_loan
FNDA:0,add_feedback
FNF:12
FNH:0
DA:39,0
DA:40,0
DA:43,0
DA:47,0
DA:48,0
DA:49,0
DA:50,0
DA:51,0
DA:52,0
DA:54,0
DA:55,0
DA:56,0
DA:57,0
DA:58,0
DA:62,0
DA:63,0
DA:64,0
DA:65,0
DA:66,0
DA:67,0
DA:68,0
DA:69,0
DA:70,0
DA:71,0
DA:73,0
DA:74,0
DA:75,0
DA:76,0
DA:77,0
DA:79,0
DA:80,0
DA:81,0
DA:82,0
DA:83,0
DA:84,0
DA:85,0
DA:86,0
DA:87,0
DA:88,0
DA:89,0
DA:90,0
DA:91,0
DA:92,0
DA:93,0
DA:94,0
DA:95,0
DA:96,0
DA:97,0
DA:98,0
DA:99,0
DA:100,0
DA:101,0
DA:102,0
DA:103,0
DA:104,0
DA:105,0
DA:106,0
DA:107,0
DA:108,0
DA:115,0
DA:120,0
DA:125,0
DA:126,0
DA:128,0
DA:129,0
DA:131,0
DA:132,0
DA:134,0
DA:135,0
DA:138,0
DA:139,0
DA:141,0
DA:142,0
DA:144,0
DA:145,0
DA:146,0
DA:147,0
DA:148,0
DA:149,0
DA:150,0
DA:151,0
DA:153,0
DA:155,0
DA:156,0
DA:157,0
DA:158,0
DA:162,0
DA:163,0
DA:164,0
DA:165,0
DA:166,0
DA:168,0
DA:169,0
DA:170,0
DA:171,0
DA:173,0
DA:174,0
DA:175,0
DA:177,0
DA:178,0
DA:179,0
DA:180,0
DA:183,0
DA:184,0
DA:185,0
DA:187,0
DA:188,0
DA:190,0
DA:191,0
DA:192,0
DA:194,0
DA:195,0
DA:198,0
DA:199,0
DA:200,0
DA:202,0
DA:203,0
DA:206,0
DA:207,0
DA:208,0
DA:210,0
DA:211,0
DA:215,0
DA:216,0
DA:219,0
DA:222,0
DA:225,0
DA:226,0
DA:227,0
DA:228,0
DA:229,0
DA:231,0
DA:233,0
DA:234,0
DA:235,0
DA:239,0
DA:240,0
DA:241,0
DA:242,0
DA:243,0
DA:245,0
DA:246,0
DA:247,0
DA:248,0
DA:250,0
DA:251,0
DA:252,0
DA:253,0
DA:255,0
DA:256,0
DA:257,0
DA:258,0
DA:260,0
DA:261,0
DA:265,0
DA:268,0
DA:269,0
DA:270,0
DA:271,0
DA:272,0
DA:274,0
DA:275,0
DA:276,0
DA:279,0
DA:281,0
DA:282,0
DA:283,0
DA:284,0
DA:287,0
DA:289,0
DA:290,0
DA:291,0
DA:295,0
DA:296,0
DA:297,0
DA:298,0
DA:299,0
DA:301,0
DA:302,0
DA:303,0
DA:304,0
DA:306,0
DA:308,0
DA:309,0
DA:311,0
DA:312,0
DA:313,0
DA:315,0
DA:316,0
DA:317,0
DA:319,0
DA:320,0
DA:321,0
DA:323,0
DA:324,0
DA:325,0
DA:326,0
DA:327,0
DA:330,0
DA:333,0
DA:334,0
DA:335,0
DA:336,0
DA:337,0
DA:339,0
DA:340,0
DA:341,0
DA:344,0
DA:346,0
DA:347,0
DA:348,0
DA:349,0
DA:352,0
DA:354,0
DA:355,0
DA:356,0
DA:357,0
DA:361,0
DA:362,0
DA:363,0
DA:364,0
DA:365,0
DA:367,0
DA:368,0
DA:369,0
DA:370,0
DA:372,0
DA:374,0
DA:375,0
DA:377,0
DA:378,0
DA:379,0
DA:380,0
DA:381,0
DA:383,0
DA:384,0
DA:386,0
DA:387,0
DA:388,0
DA:390,0
DA:391,0
DA:392,0
DA:394,0
DA:395,0
DA:396,0
DA:397,0
DA:398,0
DA:401,0
DA:404,0
DA:405,0
DA:406,0
DA:407,0
DA:408,0
DA:410,0
DA:411,0
DA:412,0
DA:415,0
DA:417,0
DA:419,0
DA:420,0
DA:421,0
DA:422,0
DA:424,0
DA:425,0
DA:426,0
DA:428,0
DA:430,0
DA:431,0
DA:432,0
DA:433,0
DA:436,0
DA:438,0
DA:439,0
DA:440,0
DA:444,0
DA:445,0
DA:446,0
DA:447,0
DA:448,0
DA:450,0
DA:451,0
DA:452,0
DA:453,0
DA:455,0
DA:457,0
DA:458,0
DA:460,0
DA:461,0
DA:462,0
DA:463,0
DA:464,0
DA:466,0
DA:467,0
DA:469,0
DA:470,0
DA:471,0
DA:473,0
DA:474,0
DA:475,0
DA:477,0
DA:478,0
DA:479,0
DA:481,0
DA:483,0
DA:484,0
DA:485,0
DA:486,0
DA:489,0
DA:491,0
DA:492,0
DA:493,0
DA:496,0
DA:497,0
DA:498,0
DA:499,0
DA:500,0
DA:502,0
DA:503,0
DA:504,0
DA:505,0
DA:507,0
DA:509,0
DA:510,0
DA:512,0
DA:513,0
DA:514,0
DA:516,0
DA:517,0
DA:518,0
DA:520,0
DA:521,0
DA:522,0
DA:524,0
DA:525,0
DA:526,0
DA:528,0
DA:530,0
DA:533,0
DA:536,0
DA:537,0
DA:538,0
DA:539,0
DA:540,0
DA:542,0
DA:543,0
DA:544,0
DA:547,0
DA:548,0
DA:549,0
DA:550,0
DA:553,0
DA:555,0
DA:556,0
DA:557,0
DA:561,0
DA:562,0
DA:563,0
DA:564,0
DA:565,0
DA:567,0
DA:568,0
DA:569,0
DA:570,0
DA:572,0
DA:575,0
DA:576,0
DA:577,0
DA:578,0
DA:579,0
DA:581,0
DA:582,0
DA:583,0
DA:584,0
DA:588,0
DA:589,0
DA:590,0
DA:593,0
DA:594,0
DA:595,0
DA:597,0
DA:599,0
DA:600,0
DA:601,0
DA:603,0
DA:604,0
DA:605,0
DA:607,0
DA:608,0
DA:609,0
DA:610,0
DA:611,0
DA:612,0
DA:614,0
DA:615,0
DA:618,0
DA:619,0
DA:620,0
DA:621,0
DA:623,0
DA:624,0
DA:625,0
DA:627,0
DA:629,0
DA:631,0
DA:633,0
DA:635,0
DA:636,0
DA:637,0
DA:638,0
DA:639,0
DA:641,0
DA:642,0
DA:643,0
DA:645,0
DA:646,0
DA:648,0
DA:650,0
DA:652,0
DA:655,0
DA:659,0
DA:664,0
DA:665,0
DA:666,0
DA:667,0
DA:669,0
DA:670,0
DA:671,0
DA:672,0
DA:673,0
DA:676,0
DA:677,0
DA:678,0
DA:679,0
DA:680,0
DA:682,0
DA:683,0
DA:684,0
DA:685,0
DA:688,0
DA:689,0
DA:690,0
DA:691,0
DA:694,0
DA:695,0
DA:700,0
DA:701,0
DA:703,0
DA:704,0
DA:707,0
DA:709,0
DA:710,0
DA:711,0
DA:712,0
DA:715,0
DA:716,0
DA:717,0
DA:722,0
DA:725,0
DA:726,0
DA:727,0
DA:728,0
DA:732,0
DA:733,0
DA:734,0
DA:735,0
DA:736,0
DA:737,0
DA:738,0
DA:740,0
DA:741,0
DA:742,0
DA:743,0
DA:744,0
DA:745,0
DA:747,0
DA:748,0
DA:749,0
DA:750,0
DA:754,0
DA:755,0
DA:756,0
DA:757,0
DA:758,0
DA:760,0
DA:761,0
DA:762,0
DA:763,0
DA:766,0
DA:767,0
DA:768,0
DA:769,0
DA:772,0
DA:773,0
DA:774,0
DA:775,0
DA:778,0
DA:779,0
DA:780,0
DA:781,0
DA:785,0
DA:786,0
DA:787,0
DA:788,0
DA:789,0
DA:791,0
DA:792,0
DA:793,0
DA:794,0
DA:795,0
DA:798,0
DA:799,0
DA:800,0
DA:801,0
DA:804,0
DA:806,0
DA:807,0
DA:808,0
DA:809,0
DA:812,0
DA:814,0
DA:815,0
DA:816,0
DA:817,0
DA:820,0
DA:821,0
DA:822,0
DA:823,0
DA:824,0
DA:826,0
DA:827,0
DA:828,0
DA:829,0
DA:831,0
DA:832,0
DA:833,0
DA:834,0
DA:835,0
DA:836,0
DA:837,0
DA:839,0
DA:843,0
DA:848,0
DA:849,0
DA:850,0
DA:851,0
DA:853,0
DA:855,0
DA:856,0
DA:857,0
DA:858,0
DA:859,0
DA:860,0
DA:862,0
DA:863,0
DA:864,0
DA:865,0
DA:869,0
DA:870,0
DA:871,0
DA:872,0
DA:873,0
DA:875,0
DA:876,0
DA:877,0
DA:878,0
DA:881,0
DA:882,0
DA:883,0
DA:884,0
DA:887,0
DA:888,0
DA:889,0
DA:890,0
DA:893,0
DA:894,0
DA:895,0
DA:896,0
DA:900,0
DA:901,0
DA:902,0
DA:903,0
DA:904,0
DA:906,0
DA:907,0
DA:908,0
DA:909,0
DA:910,0
DA:913,0
DA:914,0
DA:915,0
DA:916,0
DA:919,0
DA:920,0
LF:593
LH:0
end_of_record
TN:
SF:/home/abhishek-singh-sengar/Documents/MINI_PROJECT/FUNCTION/employee.h
FN:1024,1075,view_assign_loan_application
FN:1077,1232,approved_reject_loan
FN:1234,1287,review_feedback
FN:1289,1299,lock_critical_section
FN:1301,1309,unlock_critical_section
FN:178,275,login_employee
FN:277,445,add_customer
FN:40,176,employee_operation
FN:447,585,modify_customer_byemployee
FN:587,685,get_transaction_details_byemployee
FN:687,770,change_password_employee
FN:772,860,activate_deactivate_account
FN:862,1022,assign_loan_to_employee
FNDA:4,view_assign_loan_application
FNDA:2,approved_reject_loan
FNDA:1,review_feedback
FNDA:23,lock_critical_section
FNDA:9,unlock_critical_section
FNDA:25,login_employee
FNDA:1,add_customer
FNDA:25,employee_operation
FNDA:6,modify_customer_byemployee
FNDA:1,get_transaction_details_byemployee
FNDA:3,change_password_employee
FNDA:4,activate_deactivate_account
FNDA:3,assign_loan_to_employee
FNF:13
FNH:13
DA:40,25
DA:41,25
DA:44,23
DA:46,14
DA:50,14
DA:51,14
DA:52,0
DA:53,0
DA:54,0
DA:55,0
DA:57,0
DA:58,0
DA:59,0
DA:60,0
DA:61,0
DA:65,14
DA:67,14
DA:68,14
DA:69,13
DA:70,27
DA:71,27
DA:72,27
DA:73,27
DA:74,0
DA:75,0
DA:77,27
DA:78,27
DA:79,17
DA:80,0
DA:81,0
DA:83,17
DA:84,17
DA:85,1
DA:86,1
DA:87,1
DA:88,6
DA:89,6
DA:90,5
DA:91,2
DA:92,2
DA:93,2
DA:94,2
DA:95,2
DA:96,2
DA:97,1
DA:98,1
DA:99,1
DA:100,2
DA:101,2
DA:102,2
DA:103,3
DA:104,3
DA:105,3
DA:106,3
DA:110,9
DA:111,9
DA:115,9
DA:116,9
DA:117,0
DA:118,0
DA:119,0
DA:120,0
DA:122,0
DA:123,0
DA:124,0
DA:125,0
DA:126,0
DA:130,9
DA:132,9
DA:133,9
DA:134,7
DA:135,16
DA:136,16
DA:137,16
DA:138,16
DA:139,0
DA:140,0
DA:142,16
DA:143,16
DA:144,15
DA:145,0
DA:146,0
DA:148,15
DA:149,15
DA:150,4
DA:151,4
DA:152,4
DA:153,3
DA:154,3
DA:155,1
DA:156,1
DA:157,1
DA:158,1
DA:159,1
DA:160,1
DA:161,1
DA:162,6
DA:163,6
DA:164,6
DA:165,6
DA:173,2
DA:175,0
DA:178,25
DA:183,25
DA:184,25
DA:186,25
DA:187,25
DA:189,25
DA:190,25
DA:192,0
DA:193,0
DA:196,25
DA:197,25
DA:199,0
DA:200,0
DA:202,25
DA:203,25
DA:204,25
DA:205,25
DA:207,25
DA:208,25
DA:209,0
DA:210,0
DA:212,25
DA:214,25
DA:215,0
DA:216,0
DA:220,25
DA:221,25
DA:222,25
DA:223,25
DA:224,25
DA:226,25
DA:227,25
DA:228,0
DA:229,0
DA:231,25
DA:232,25
DA:233,25
DA:235,25
DA:236,25
DA:237,24
DA:238,25
DA:239,25
DA:241,24
DA:242,24
DA:243,24
DA:245,0
DA:246,0
DA:249,24
DA:250,24
DA:251,24
DA:253,0
DA:254,0
DA:257,24
DA:258,24
DA:259,23
DA:261,1
DA:262,1
DA:263,1
DA:264,1
DA:268,1
DA:269,1
DA:270,1
DA:271,1
DA:277,1
DA:283,1
DA:284,1
DA:285,1
DA:286,1
DA:287,0
DA:288,0
DA:290,1
DA:291,1
DA:292,1
DA:293,0
DA:294,0
DA:296,1
DA:299,1
DA:300,1
DA:301,1
DA:302,1
DA:303,0
DA:304,0
DA:306,1
DA:307,1
DA:308,1
DA:309,0
DA:310,0
DA:312,1
DA:313,1
DA:316,1
DA:317,1
DA:318,1
DA:319,1
DA:320,0
DA:321,0
DA:323,1
DA:324,1
DA:325,1
DA:326,0
DA:327,0
DA:329,1
DA:330,1
DA:333,1
DA:336,1
DA:339,1
DA:340,1
DA:341,0
DA:342,0
DA:345,1
DA:346,1
DA:347,1
DA:348,0
DA:349,0
DA:352,1
DA:353,1
DA:356,11
DA:357,10
DA:360,1
DA:361,1
DA:362,0
DA:363,1
DA:364,0
DA:365,0
DA:367,1
DA:368,1
DA:369,0
DA:370,0
DA:374,1
DA:375,1
DA:376,1
DA:377,1
DA:378,1
DA:380,1
DA:381,1
DA:382,0
DA:383,0
DA:386,1
DA:387,1
DA:388,0
DA:389,0
DA:392,1
DA:393,1
DA:394,1
DA:395,1
DA:398,1
DA:399,1
DA:400,1
DA:401,1
DA:405,1
DA:406,1
DA:408,1
DA:409,1
DA:410,0
DA:411,0
DA:415,1
DA:416,1
DA:417,1
DA:418,1
DA:419,1
DA:421,1
DA:422,1
DA:423,0
DA:424,0
DA:425,0
DA:428,1
DA:429,1
DA:430,0
DA:431,0
DA:434,1
DA:436,1
DA:437,1
DA:438,1
DA:439,1
DA:440,0
DA:441,0
DA:443,1
DA:444,1
DA:447,6
DA:451,6
DA:452,6
DA:453,6
DA:454,6
DA:455,6
DA:456,0
DA:457,0
DA:459,6
DA:460,6
DA:461,0
DA:462,0
DA:465,6
DA:466,6
DA:467,6
DA:468,0
DA:469,0
DA:471,6
DA:473,6
DA:474,0
DA:475,0
DA:479,6
DA:480,6
DA:481,6
DA:482,6
DA:483,6
DA:485,6
DA:486,6
DA:487,0
DA:488,0
DA:490,6
DA:491,6
DA:492,0
DA:495,6
DA:496,6
DA:497,6
DA:499,6
DA:500,6
DA:501,6
DA:502,6
DA:503,6
DA:504,18
DA:505,24
DA:506,24
DA:507,24
DA:508,24
DA:509,24
DA:510,24
DA:511,24
DA:512,4
DA:513,4
DA:514,4
DA:515,4
DA:516,4
DA:518,4
DA:519,4
DA:520,4
DA:521,4
DA:522,4
DA:523,4
DA:524,10
DA:525,10
DA:526,10
DA:527,10
DA:528,10
DA:529,10
DA:530,10
DA:531,4
DA:532,4
DA:533,4
DA:534,4
DA:535,4
DA:536,4
DA:537,4
DA:538,6
DA:539,6
DA:540,6
DA:542,24
DA:543,6
DA:546,6
DA:547,6
DA:548,0
DA:549,0
DA:551,6
DA:553,6
DA:554,0
DA:555,0
DA:558,6
DA:559,6
DA:560,6
DA:561,6
DA:562,6
DA:564,6
DA:565,6
DA:566,0
DA:567,0
DA:569,6
DA:570,6
DA:571,0
DA:574,6
DA:575,6
DA:576,6
DA:578,6
DA:579,6
DA:580,6
DA:581,6
DA:583,5
DA:587,1
DA:591,1
DA:592,1
DA:593,1
DA:594,1
DA:595,1
DA:596,0
DA:597,0
DA:599,1
DA:601,1
DA:602,0
DA:603,0
DA:604,0
DA:608,1
DA:609,1
DA:610,1
DA:611,1
DA:612,1
DA:614,1
DA:615,1
DA:616,0
DA:617,0
DA:619,1
DA:620,1
DA:621,1
DA:622,1
DA:624,1
DA:629,1
DA:630,1
DA:631,0
DA:632,0
DA:634,2
DA:635,1
DA:636,1
DA:637,0
DA:638,0
DA:641,1
DA:642,1
DA:643,1
DA:644,1
DA:645,1
DA:647,1
DA:648,1
DA:649,0
DA:650,0
DA:653,1
DA:654,1
DA:655,0
DA:656,0
DA:659,1
DA:660,1
DA:665,1
DA:666,1
DA:668,1
DA:669,1
DA:672,1
DA:674,1
DA:675,0
DA:676,0
DA:677,0
DA:680,1
DA:681,1
DA:682,1
DA:687,3
DA:690,3
DA:691,3
DA:692,3
DA:693,0
DA:694,0
DA:696,3
DA:697,3
DA:698,0
DA:701,3
DA:702,3
DA:703,0
DA:704,0
DA:707,3
DA:709,3
DA:710,0
DA:711,0
DA:715,3
DA:716,3
DA:717,3
DA:718,3
DA:719,3
DA:721,3
DA:722,3
DA:723,0
DA:724,0
DA:726,3
DA:729,3
DA:730,3
DA:731,2
DA:732,2
DA:733,0
DA:735,2
DA:736,2
DA:737,2
DA:738,0
DA:742,1
DA:743,1
DA:744,1
DA:747,2
DA:748,2
DA:749,2
DA:751,2
DA:753,2
DA:754,0
DA:755,0
DA:757,2
DA:758,2
DA:759,0
DA:761,2
DA:762,2
DA:763,2
DA:764,2
DA:765,2
DA:766,0
DA:768,2
DA:769,2
DA:772,4
DA:776,4
DA:777,4
DA:778,4
DA:779,4
DA:780,4
DA:781,0
DA:782,0
DA:784,4
DA:786,4
DA:787,0
DA:788,0
DA:792,4
DA:793,4
DA:794,4
DA:795,4
DA:796,4
DA:798,4
DA:799,4
DA:800,0
DA:801,0
DA:803,4
DA:804,4
DA:805,4
DA:806,4
DA:807,1
DA:808,1
DA:809,1
DA:810,1
DA:811,1
DA:812,1
DA:813,1
DA:814,1
DA:815,1
DA:816,1
DA:817,0
DA:818,0
DA:821,3
DA:822,3
DA:823,3
DA:824,3
DA:825,3
DA:826,3
DA:827,3
DA:828,2
DA:829,2
DA:830,2
DA:831,1
DA:832,1
DA:836,4
DA:838,4
DA:839,0
DA:840,0
DA:843,4
DA:844,4
DA:845,4
DA:846,4
DA:847,4
DA:849,4
DA:850,4
DA:851,0
DA:852,0
DA:854,4
DA:855,4
DA:856,4
DA:857,4
DA:859,4
DA:862,3
DA:866,3
DA:867,3
DA:868,0
DA:869,0
DA:871,3
DA:873,3
DA:874,180
DA:875,183
DA:876,183
DA:877,0
DA:878,0
DA:879,0
DA:883,183
DA:884,183
DA:885,183
DA:886,183
DA:887,183
DA:889,183
DA:890,183
DA:891,0
DA:892,0
DA:893,0
DA:895,183
DA:896,183
DA:897,3
DA:899,180
DA:900,0
DA:901,0
DA:903,180
DA:904,180
DA:905,180
DA:906,180
DA:909,3
DA:910,3
DA:911,3
DA:912,3
DA:913,3
DA:914,3
DA:916,3
DA:917,3
DA:918,0
DA:919,0
DA:920,0
DA:922,3
DA:923,3
DA:924,3
DA:925,3
DA:926,3
DA:928,3
DA:929,3
DA:930,0
DA:931,0
DA:933,3
DA:934,3
DA:935,0
DA:936,0
DA:938,3
DA:939,1
DA:940,1
DA:941,1
DA:942,1
DA:945,2
DA:946,2
DA:947,0
DA:948,0
DA:950,2
DA:951,2
DA:952,2
DA:954,2
DA:956,4
DA:957,4
DA:958,4
DA:959,0
DA:960,0
DA:961,0
DA:963,4
DA:964,4
DA:965,4
DA:966,4
DA:967,4
DA:969,4
DA:970,4
DA:971,0
DA:972,0
DA:974,4
DA:975,4
DA:976,0
DA:977,0
DA:979,4
DA:980,0
DA:981,0
DA:982,0
DA:983,0
DA:985,4
DA:986,44
DA:987,40
DA:989,4
DA:990,4
DA:991,4
DA:992,4
DA:993,4
DA:994,4
DA:995,4
DA:996,4
DA:997,2
DA:999,0
DA:1000,0
DA:1002,0
DA:1003,0
DA:1004,0
DA:1005,0
DA:1006,0
DA:1008,0
DA:1010,0
DA:1011,0
DA:1012,0
DA:1013,0
DA:1014,0
DA:1016,0
DA:1017,0
DA:1018,0
DA:1019,0
DA:1020,0
DA:1021,0
DA:1024,4
DA:1028,4
DA:1029,4
DA:1030,0
DA:1031,0
DA:1033,4
DA:1035,44
DA:1036,40
DA:1037,4
DA:1038,4
DA:1039,4
DA:1040,4
DA:1041,4
DA:1042,4
DA:1043,4
DA:1045,4
DA:1046,4
DA:1047,0
DA:1048,0
DA:1050,4
DA:1051,4
DA:1052,0
DA:1053,0
DA:1055,4
DA:1056,4
DA:1057,4
DA:1060,4
DA:1061,4
DA:1062,4
DA:1064,4
DA:1065,0
DA:1066,0
DA:1067,0
DA:1070,4
DA:1071,4
DA:1072,4
DA:1077,2
DA:1078,2
DA:1080,2
DA:1081,2
DA:1082,2
DA:1084,2
DA:1085,2
DA:1086,0
DA:1087,0
DA:1089,2
DA:1090,2
DA:1091,0
DA:1092,0
DA:1093,0
DA:1096,2
DA:1097,2
DA:1098,2
DA:1099,2
DA:1100,2
DA:1102,2
DA:1103,2
DA:1104,0
DA:1105,0
DA:1107,2
DA:1108,2
DA:1109,0
DA:1110,0
DA:1112,2
DA:1113,2
DA:1114,2
DA:1115,2
DA:1116,2
DA:1117,2
DA:1118,2
DA:1119,2
DA:1120,0
DA:1121,0
DA:1122,0
DA:1123,0
DA:1124,0
DA:1125,0
DA:1126,0
DA:1128,2
DA:1129,2
DA:1130,0
DA:1131,0
DA:1132,0
DA:1135,2
DA:1136,2
DA:1137,0
DA:1138,0
DA:1140,2
DA:1141,2
DA:1142,2
DA:1146,2
DA:1147,2
DA:1148,2
DA:1149,0
DA:1150,0
DA:1152,2
DA:1154,2
DA:1155,0
DA:1156,0
DA:1158,2
DA:1159,2
DA:1160,2
DA:1161,2
DA:1162,2
DA:1164,2
DA:1165,2
DA:1166,0
DA:1167,0
DA:1169,2
DA:1170,2
DA:1171,0
DA:1172,0
DA:1174,0
DA:1175,0
DA:1177,2
DA:1178,2
DA:1180,2
DA:1181,0
DA:1182,0
DA:1184,2
DA:1185,2
DA:1186,0
DA:1188,2
DA:1189,2
DA:1190,2
DA:1193,2
DA:1194,2
DA:1195,0
DA:1196,0
DA:1198,2
DA:1199,2
DA:1201,2
DA:1202,0
DA:1203,0
DA:1206,2
DA:1207,2
DA:1208,2
DA:1209,2
DA:1210,2
DA:1212,2
DA:1213,2
DA:1214,0
DA:1215,0
DA:1217,22
DA:1218,20
DA:1219,0
DA:1220,0
DA:1223,2
DA:1224,2
DA:1225,0
DA:1226,0
DA:1228,2
DA:1229,2
DA:1230,2
DA:1231,2
DA:1234,1
DA:1238,1
DA:1239,1
DA:1240,0
DA:1241,0
DA:1243,1
DA:1244,1
DA:1246,61
DA:1247,61
DA:1248,1
DA:1250,60
DA:1251,0
DA:1252,0
DA:1254,60
DA:1255,60
DA:1256,60
DA:1257,60
DA:1258,60
DA:1261,1
DA:1262,0
DA:1263,0
DA:1264,0
DA:1266,1
DA:1267,1
DA:1268,1
DA:1269,1
DA:1270,1
DA:1271,1
DA:1272,1
DA:1273,1
DA:1274,0
DA:1275,0
DA:1277,1
DA:1278,1
DA:1279,1
DA:1280,1
DA:1281,0
DA:1282,0
DA:1284,1
DA:1285,1
DA:1286,1
DA:1289,23
DA:1290,23
DA:1291,23
DA:1292,23
DA:1293,23
DA:1294,23
DA:1295,0
DA:1296,0
DA:1298,23
DA:1301,9
DA:1302,9
DA:1303,9
DA:1304,9
DA:1305,0
DA:1306,0
DA:1308,9
LF:910
LH:655
end_of_record
TN:
SF:/home/abhishek-singh-sengar/Documents/MINI_PROJECT/fuzz_target_ultimate.c
FN:160,168,my_open
FN:171,220,my_strcmp
FN:223,231,my_semget
FN:232,237,my_semctl
FN:238,243,my_semop
FN:246,246,my_lseek
FN:247,247,my_close
FN:248,248,my_fcntl
FN:264,295,main
FN:34,80,init_mocks
FN:89,89,real_read
FN:90,90,real_open
FN:93,157,my_read
FNDA:64,my_open
FNDA:52,my_strcmp
FNDA:23,my_semget
FNDA:0,my_semctl
FNDA:32,my_semop
FNDA:259,my_lseek
FNDA:60,my_close
FNDA:308,my_fcntl
FNDA:25,main
FNDA:49,init_mocks
FNDA:26,real_read
FNDA:89,real_open
FNDA:521,my_read
FNF:13
FNH:12
DA:34,49
DA:37,49
DA:38,49
DA:39,49
DA:40,49
DA:41,49
DA:42,539
DA:43,490
DA:46,49
DA:47,49
DA:48,49
DA:49,49
DA:50,49
DA:53,49
DA:54,490
DA:55,441
DA:58,49
DA:59,49
DA:60,49
DA:61,49
DA:62,49
DA:63,49
DA:64,49
DA:65,49
DA:66,539
DA:67,490
DA:68,49
DA:71,49
DA:72,49
DA:73,49
DA:74,49
DA:75,49
DA:77,49
DA:78,49
DA:79,49
DA:80,49
DA:89,26
DA:90,89
DA:93,521
DA:95,521
DA:96,0
DA:99,521
DA:101,220
DA:102,14
DA:104,206
DA:105,206
DA:106,206
DA:107,0
DA:108,206
DA:109,206
DA:110,206
DA:111,206
DA:112,206
DA:113,206
DA:117,301
DA:119,0
DA:120,0
DA:121,0
DA:123,301
DA:124,12
DA:126,289
DA:128,28
DA:129,28
DA:130,17
DA:133,11
DA:134,10
DA:136,1
DA:138,28
DA:140,261
DA:142,14
DA:143,14
DA:145,247
DA:147,186
DA:148,186
DA:150,61
DA:152,60
DA:153,60
DA:156,1
DA:160,64
DA:162,64
DA:164,0
DA:165,0
DA:167,64
DA:171,52
DA:173,52
DA:174,0
DA:177,52
DA:179,20
DA:180,20
DA:181,20
DA:182,20
DA:183,20
DA:188,32
DA:190,1
DA:191,1
DA:192,1
DA:195,31
DA:197,3
DA:198,3
DA:199,3
DA:202,28
DA:204,0
DA:205,0
DA:208,28
DA:210,0
DA:211,0
DA:213,28
DA:215,0
DA:216,0
DA:219,28
DA:223,23
DA:225,23
DA:227,0
DA:228,0
DA:230,23
DA:232,0
DA:234,0
DA:235,0
DA:236,0
DA:238,32
DA:240,32
DA:241,0
DA:242,32
DA:246,259
DA:247,60
DA:248,308
DA:264,25
DA:266,25
DA:267,25
DA:269,25
DA:270,25
DA:271,0
DA:272,25
DA:273,25
DA:274,25
DA:276,25
DA:277,0
DA:278,25
DA:279,25
DA:281,0
DA:282,0
DA:283,0
DA:284,10
DA:285,10
DA:286,7
DA:287,15
DA:288,15
DA:289,4
DA:290,0
DA:291,0
DA:292,0
DA:294,11
LF:152
LH:123
end_of_record
